<?xml version="1.0" encoding="UTF-8"?>
<robot generator="Robot 5.0.1 (Python 3.8.13 on linux)" generated="20220621 15:34:05.699" rpa="false" schemaversion="3">
<suite id="s1" name="HelloWorld Test Suite" source="/home/n16743/n16743/dev/sleipnir/fastdds_examples/HelloWorld/HelloWorld_Test_Suite.robot">
<test id="s1-t1" name="Pytest Test Suite" line="7">
<kw name="Given The Pytest File is Running" library="HelloWorld_keywords">
<kw name="Log" library="BuiltIn">
<arg>Opening Pytest.py</arg>
<doc>Logs the given message with the given level.</doc>
<msg timestamp="20220621 15:34:05.739" level="INFO">Opening Pytest.py</msg>
<status status="PASS" starttime="20220621 15:34:05.739" endtime="20220621 15:34:05.739"/>
</kw>
<kw name="Start Process" library="Process">
<arg>pytest</arg>
<arg>-s</arg>
<arg>test_HelloWorld.py</arg>
<arg>alias=Test</arg>
<doc>Starts a new process on background.</doc>
<msg timestamp="20220621 15:34:05.740" level="INFO">Starting process:
pytest -s test_HelloWorld.py</msg>
<status status="PASS" starttime="20220621 15:34:05.739" endtime="20220621 15:34:05.745"/>
</kw>
<status status="PASS" starttime="20220621 15:34:05.739" endtime="20220621 15:34:05.745"/>
</kw>
<kw name="And It has Finished Running" library="HelloWorld_keywords">
<kw name="Sleep" library="BuiltIn">
<arg>10</arg>
<doc>Pauses the test executed for the given time.</doc>
<msg timestamp="20220621 15:34:15.746" level="INFO">Slept 10 seconds</msg>
<status status="PASS" starttime="20220621 15:34:05.746" endtime="20220621 15:34:15.747"/>
</kw>
<kw name="Is Process Running" library="Process">
<var>${var1}</var>
<arg>Test</arg>
<doc>Checks is the process running or not.</doc>
<msg timestamp="20220621 15:34:15.747" level="INFO">${var1} = False</msg>
<status status="PASS" starttime="20220621 15:34:15.747" endtime="20220621 15:34:15.747"/>
</kw>
<if>
<branch type="IF" condition="${var1}">
<kw name="Log To Console" library="BuiltIn">
<arg>Pytest is still Running after 10 secs</arg>
<doc>Logs the given message to the console.</doc>
<status status="NOT RUN" starttime="20220621 15:34:15.748" endtime="20220621 15:34:15.748"/>
</kw>
<kw name="Fail" library="BuiltIn">
<arg>Pytest still running</arg>
<doc>Fails the test with the given message and optionally alters its tags.</doc>
<status status="NOT RUN" starttime="20220621 15:34:15.748" endtime="20220621 15:34:15.748"/>
</kw>
<status status="NOT RUN" starttime="20220621 15:34:15.748" endtime="20220621 15:34:15.748"/>
</branch>
<branch type="ELSE">
<kw name="Log To Console" library="BuiltIn">
<arg>Test Stopped</arg>
<doc>Logs the given message to the console.</doc>
<status status="PASS" starttime="20220621 15:34:15.748" endtime="20220621 15:34:15.749"/>
</kw>
<kw name="Terminate Process" library="Process">
<arg>Test</arg>
<doc>Stops the process gracefully or forcefully.</doc>
<msg timestamp="20220621 15:34:15.749" level="INFO">Gracefully terminating process.</msg>
<msg timestamp="20220621 15:34:15.749" level="INFO">Process completed.</msg>
<status status="PASS" starttime="20220621 15:34:15.749" endtime="20220621 15:34:15.749"/>
</kw>
<status status="PASS" starttime="20220621 15:34:15.748" endtime="20220621 15:34:15.749"/>
</branch>
<status status="PASS" starttime="20220621 15:34:15.747" endtime="20220621 15:34:15.749"/>
</if>
<status status="PASS" starttime="20220621 15:34:05.746" endtime="20220621 15:34:15.750"/>
</kw>
<kw name="Then The Pytest Should have passed" library="HelloWorld_keywords">
<kw name="Get Process Result" library="Process">
<var>${result}</var>
<arg>Test</arg>
<doc>Returns the specified `result object` or some of its attributes.</doc>
<msg timestamp="20220621 15:34:15.750" level="INFO">${result} = &lt;result object with rc 0&gt;</msg>
<status status="PASS" starttime="20220621 15:34:15.750" endtime="20220621 15:34:15.750"/>
</kw>
<kw name="Evaluate" library="BuiltIn">
<var>${pass}</var>
<arg>"passed" in """${result.stdout}"""</arg>
<doc>Evaluates the given expression in Python and returns the result.</doc>
<msg timestamp="20220621 15:34:15.751" level="INFO">${pass} = True</msg>
<status status="PASS" starttime="20220621 15:34:15.750" endtime="20220621 15:34:15.751"/>
</kw>
<kw name="Evaluate" library="BuiltIn">
<var>${fail}</var>
<arg>"failed" in """${result.stdout}"""</arg>
<doc>Evaluates the given expression in Python and returns the result.</doc>
<msg timestamp="20220621 15:34:15.752" level="INFO">${fail} = False</msg>
<status status="PASS" starttime="20220621 15:34:15.751" endtime="20220621 15:34:15.752"/>
</kw>
<kw name="Evaluate" library="BuiltIn">
<var>${error}</var>
<arg>"error" in """${result.stdout}"""</arg>
<doc>Evaluates the given expression in Python and returns the result.</doc>
<msg timestamp="20220621 15:34:15.753" level="INFO">${error} = False</msg>
<status status="PASS" starttime="20220621 15:34:15.752" endtime="20220621 15:34:15.753"/>
</kw>
<if>
<branch type="IF" condition="${fail}">
<kw name="Fail" library="BuiltIn">
<arg>Pytest Failed</arg>
<doc>Fails the test with the given message and optionally alters its tags.</doc>
<status status="NOT RUN" starttime="20220621 15:34:15.753" endtime="20220621 15:34:15.753"/>
</kw>
<kw name="Log" library="BuiltIn">
<arg>${result.stdout}</arg>
<doc>Logs the given message with the given level.</doc>
<status status="NOT RUN" starttime="20220621 15:34:15.753" endtime="20220621 15:34:15.753"/>
</kw>
<status status="NOT RUN" starttime="20220621 15:34:15.753" endtime="20220621 15:34:15.753"/>
</branch>
<branch type="ELSE IF" condition="${pass}">
<kw name="Log" library="BuiltIn">
<arg>${pass}</arg>
<doc>Logs the given message with the given level.</doc>
<msg timestamp="20220621 15:34:15.754" level="INFO">True</msg>
<status status="PASS" starttime="20220621 15:34:15.753" endtime="20220621 15:34:15.754"/>
</kw>
<kw name="Log" library="BuiltIn">
<arg>${result.stdout}</arg>
<doc>Logs the given message with the given level.</doc>
<msg timestamp="20220621 15:34:15.754" level="INFO">============================= test session starts ==============================
platform linux -- Python 3.8.13, pytest-7.1.2, pluggy-1.0.0
rootdir: /home/n16743/n16743/dev/sleipnir/fastdds_examples/HelloWorld
plugins: cov-3.0.0, mock-3.7.0, repeat-0.9.1, rerunfailures-10.2, colcon-core-0.8.3
collected 1 item

test_HelloWorld.py Creating subscriber.
Starting publisher.
Writer is waiting discovery...
Subscriber matched publisher 1.f.44.e0.8e.17.d8.87.2.0.0.0.0.0.1.3
Publisher matched subscriber 1.f.44.e0.8e.17.d8.87.1.0.0.0.0.0.1.4
Writer discovery finished...
Received Hello World : 0
Sending Hello World : 0
Received Hello World : 1
Sending Hello World : 1
Received Hello World : 2
Sending Hello World : 2
Received Hello World : 3
Sending Hello World : 3
Received Hello World : 4
Sending Hello World : 4
Received Hello World : 5
Sending Hello World : 5
Received Hello World : 6
Sending Hello World : 6
Received Hello World : 7
Sending Hello World : 7
Received Hello World : 8
Sending Hello World : 8
Received Hello World : 9
Sending Hello World : 9
Subscriber unmatched publisher 1.f.44.e0.8e.17.d8.87.2.0.0.0.0.0.1.3
Publisher sent = 0, Subscriber Recieved = 0
Publisher sent = 1, Subscriber Recieved = 1
Publisher sent = 2, Subscriber Recieved = 2
Publisher sent = 3, Subscriber Recieved = 3
Publisher sent = 4, Subscriber Recieved = 4
Publisher sent = 5, Subscriber Recieved = 5
Publisher sent = 6, Subscriber Recieved = 6
Publisher sent = 7, Subscriber Recieved = 7
Publisher sent = 8, Subscriber Recieved = 8
Publisher sent = 9, Subscriber Recieved = 9
.

============================== 1 passed in 2.63s ===============================</msg>
<status status="PASS" starttime="20220621 15:34:15.754" endtime="20220621 15:34:15.754"/>
</kw>
<status status="PASS" starttime="20220621 15:34:15.753" endtime="20220621 15:34:15.754"/>
</branch>
<branch type="ELSE IF" condition="${error}">
<kw name="Log" library="BuiltIn">
<arg>${result.stdout}</arg>
<doc>Logs the given message with the given level.</doc>
<status status="NOT RUN" starttime="20220621 15:34:15.755" endtime="20220621 15:34:15.755"/>
</kw>
<kw name="Fail" library="BuiltIn">
<arg>Pytest has Thrown and error</arg>
<doc>Fails the test with the given message and optionally alters its tags.</doc>
<status status="NOT RUN" starttime="20220621 15:34:15.755" endtime="20220621 15:34:15.755"/>
</kw>
<status status="NOT RUN" starttime="20220621 15:34:15.755" endtime="20220621 15:34:15.755"/>
</branch>
<branch type="ELSE">
<kw name="Fail" library="BuiltIn">
<arg>Pass or Fail not found</arg>
<doc>Fails the test with the given message and optionally alters its tags.</doc>
<status status="NOT RUN" starttime="20220621 15:34:15.755" endtime="20220621 15:34:15.755"/>
</kw>
<status status="NOT RUN" starttime="20220621 15:34:15.755" endtime="20220621 15:34:15.755"/>
</branch>
<status status="PASS" starttime="20220621 15:34:15.753" endtime="20220621 15:34:15.755"/>
</if>
<status status="PASS" starttime="20220621 15:34:15.750" endtime="20220621 15:34:15.755"/>
</kw>
<status status="PASS" starttime="20220621 15:34:05.738" endtime="20220621 15:34:15.755"/>
</test>
<status status="PASS" starttime="20220621 15:34:05.700" endtime="20220621 15:34:15.756"/>
</suite>
<statistics>
<total>
<stat pass="1" fail="0" skip="0">All Tests</stat>
</total>
<tag>
</tag>
<suite>
<stat pass="1" fail="0" skip="0" id="s1" name="HelloWorld Test Suite">HelloWorld Test Suite</stat>
</suite>
</statistics>
<errors>
</errors>
</robot>
