<?xml version="1.0" encoding="UTF-8"?>
<robot generator="Robot 5.0.1 (Python 3.8.13 on linux)" generated="20220621 12:05:11.141" rpa="false" schemaversion="3">
<suite id="s1" name="Robot Interactive Console" source="/home/n16743/.vscode-server/extensions/robocorp.robotframework-lsp-0.34.0/src/robotframework_ls/vendored/robotframework_interactive/robot_interactive_console.robot">
<test id="s1-t1" name="Default Task/Test" line="5">
<kw name="Interpreter Main Loop" library="MainLoop">
<status status="PASS" starttime="20220621 12:05:11.163" endtime="20220621 12:05:20.153"/>
</kw>
<status status="PASS" starttime="20220621 12:05:11.162" endtime="20220621 12:05:20.153"/>
</test>
<status status="PASS" starttime="20220621 12:05:11.142" endtime="20220621 12:05:20.154"/>
</suite>
<statistics>
<total>
<stat pass="1" fail="0" skip="0">All Tests</stat>
</total>
<tag>
</tag>
<suite>
<stat pass="1" fail="0" skip="0" id="s1" name="Robot Interactive Console">Robot Interactive Console</stat>
</suite>
</statistics>
<errors>
</errors>
</robot>
